Release 14.7 Map P.20131013 (lin64)
Xilinx Mapping Report File for Design 'SH2CPU'

Design Information
------------------
Command Line   : map -intstyle ise -p xc3s1200e-fg320-4 -cm area -ir off -pr off
-c 100 -o SH2CPU_map.ncd SH2CPU.ngd SH2CPU.pcf 
Target Device  : xc3s1200e
Target Package : fg320
Target Speed   : -4
Mapper Version : spartan3e -- $Revision: 1.55 $
Mapped Date    : Mon Jun  2 00:07:59 2025

Design Summary
--------------
Number of errors:      0
Number of warnings:    0
Logic Utilization:
  Total Number Slice Registers:       1,005 out of  17,344    5%
    Number used as Flip Flops:          789
    Number used as Latches:             216
  Number of 4 input LUTs:             4,905 out of  17,344   28%
Logic Distribution:
  Number of occupied Slices:          2,594 out of   8,672   29%
    Number of Slices containing only related logic:   2,594 out of   2,594 100%
    Number of Slices containing unrelated logic:          0 out of   2,594   0%
      *See NOTES below for an explanation of the effects of unrelated logic.
  Total Number of 4 input LUTs:       4,988 out of  17,344   28%
    Number used as logic:             4,905
    Number used as a route-thru:         83

  The Slice Logic Distribution report is not meaningful if the design is
  over-mapped for a non-slice resource or if Placement fails.

  Number of bonded IOBs:                 75 out of     250   30%
  Number of BUFGMUXs:                     3 out of      24   12%

Average Fanout of Non-Clock Nets:                4.56

Peak Memory Usage:  830 MB
Total REAL time to MAP completion:  6 secs 
Total CPU time to MAP completion:   5 secs 

NOTES:

   Related logic is defined as being logic that shares connectivity - e.g. two
   LUTs are "related" if they share common inputs.  When assembling slices,
   Map gives priority to combine logic that is related.  Doing so results in
   the best timing performance.

   Unrelated logic shares no connectivity.  Map will only begin packing
   unrelated logic into a slice once 99% of the slices are occupied through
   related logic packing.

   Note that once logic distribution reaches the 99% level through related
   logic packing, this does not mean the device is completely utilized.
   Unrelated logic packing will then begin, continuing until all usable LUTs
   and FFs are occupied.  Depending on your timing budget, increased levels of
   unrelated logic packing may adversely affect the overall timing performance
   of your design.

Table of Contents
-----------------
Section 1 - Errors
Section 2 - Warnings
Section 3 - Informational
Section 4 - Removed Logic Summary
Section 5 - Removed Logic
Section 6 - IOB Properties
Section 7 - RPMs
Section 8 - Guide Report
Section 9 - Area Group and Partition Summary
Section 10 - Timing Report
Section 11 - Configuration String Information
Section 12 - Control Set Information
Section 13 - Utilization by Hierarchy

Section 1 - Errors
------------------

Section 2 - Warnings
--------------------

Section 3 - Informational
-------------------------
INFO:LIT:243 - Logical network NMI has no load.
INFO:LIT:395 - The above info message is repeated 1 more times for the following
   (max. 5 shown):
   INT
   To see the details of these info messages, please use the -detail switch.
INFO:MapLib:562 - No environment variables are currently set.
INFO:LIT:244 - All of the single ended outputs in this design are using slew
   rate limited output drivers. The delay on speed critical single ended outputs
   can be dramatically reduced by designating them as fast outputs.

Section 4 - Removed Logic Summary
---------------------------------
   2 block(s) optimized away

Section 5 - Removed Logic
-------------------------

Optimized Block(s):
TYPE 		BLOCK
GND 		XST_GND
VCC 		XST_VCC

To enable printing of redundant blocks removed and signals merged, set the
detailed map report option and rerun map.

Section 6 - IOB Properties
--------------------------

+---------------------------------------------------------------------------------------------------------------------------------------------------------+
| IOB Name                           | Type             | Direction | IO Standard          | Diff  | Drive    | Slew | Reg (s)      | Resistor | IOB      |
|                                    |                  |           |                      | Term  | Strength | Rate |              |          | Delay    |
+---------------------------------------------------------------------------------------------------------------------------------------------------------+
| AB<0>                              | IOB              | OUTPUT    | LVCMOS25             |       | 12       | SLOW |              |          | 0 / 0    |
| AB<1>                              | IOB              | OUTPUT    | LVCMOS25             |       | 12       | SLOW |              |          | 0 / 0    |
| AB<2>                              | IOB              | OUTPUT    | LVCMOS25             |       | 12       | SLOW |              |          | 0 / 0    |
| AB<3>                              | IOB              | OUTPUT    | LVCMOS25             |       | 12       | SLOW |              |          | 0 / 0    |
| AB<4>                              | IOB              | OUTPUT    | LVCMOS25             |       | 12       | SLOW |              |          | 0 / 0    |
| AB<5>                              | IOB              | OUTPUT    | LVCMOS25             |       | 12       | SLOW |              |          | 0 / 0    |
| AB<6>                              | IOB              | OUTPUT    | LVCMOS25             |       | 12       | SLOW |              |          | 0 / 0    |
| AB<7>                              | IOB              | OUTPUT    | LVCMOS25             |       | 12       | SLOW |              |          | 0 / 0    |
| AB<8>                              | IOB              | OUTPUT    | LVCMOS25             |       | 12       | SLOW |              |          | 0 / 0    |
| AB<9>                              | IOB              | OUTPUT    | LVCMOS25             |       | 12       | SLOW |              |          | 0 / 0    |
| AB<10>                             | IOB              | OUTPUT    | LVCMOS25             |       | 12       | SLOW |              |          | 0 / 0    |
| AB<11>                             | IOB              | OUTPUT    | LVCMOS25             |       | 12       | SLOW |              |          | 0 / 0    |
| AB<12>                             | IOB              | OUTPUT    | LVCMOS25             |       | 12       | SLOW |              |          | 0 / 0    |
| AB<13>                             | IOB              | OUTPUT    | LVCMOS25             |       | 12       | SLOW |              |          | 0 / 0    |
| AB<14>                             | IOB              | OUTPUT    | LVCMOS25             |       | 12       | SLOW |              |          | 0 / 0    |
| AB<15>                             | IOB              | OUTPUT    | LVCMOS25             |       | 12       | SLOW |              |          | 0 / 0    |
| AB<16>                             | IOB              | OUTPUT    | LVCMOS25             |       | 12       | SLOW |              |          | 0 / 0    |
| AB<17>                             | IOB              | OUTPUT    | LVCMOS25             |       | 12       | SLOW |              |          | 0 / 0    |
| AB<18>                             | IOB              | OUTPUT    | LVCMOS25             |       | 12       | SLOW |              |          | 0 / 0    |
| AB<19>                             | IOB              | OUTPUT    | LVCMOS25             |       | 12       | SLOW |              |          | 0 / 0    |
| AB<20>                             | IOB              | OUTPUT    | LVCMOS25             |       | 12       | SLOW |              |          | 0 / 0    |
| AB<21>                             | IOB              | OUTPUT    | LVCMOS25             |       | 12       | SLOW |              |          | 0 / 0    |
| AB<22>                             | IOB              | OUTPUT    | LVCMOS25             |       | 12       | SLOW |              |          | 0 / 0    |
| AB<23>                             | IOB              | OUTPUT    | LVCMOS25             |       | 12       | SLOW |              |          | 0 / 0    |
| AB<24>                             | IOB              | OUTPUT    | LVCMOS25             |       | 12       | SLOW |              |          | 0 / 0    |
| AB<25>                             | IOB              | OUTPUT    | LVCMOS25             |       | 12       | SLOW |              |          | 0 / 0    |
| AB<26>                             | IOB              | OUTPUT    | LVCMOS25             |       | 12       | SLOW |              |          | 0 / 0    |
| AB<27>                             | IOB              | OUTPUT    | LVCMOS25             |       | 12       | SLOW |              |          | 0 / 0    |
| AB<28>                             | IOB              | OUTPUT    | LVCMOS25             |       | 12       | SLOW |              |          | 0 / 0    |
| AB<29>                             | IOB              | OUTPUT    | LVCMOS25             |       | 12       | SLOW |              |          | 0 / 0    |
| AB<30>                             | IOB              | OUTPUT    | LVCMOS25             |       | 12       | SLOW |              |          | 0 / 0    |
| AB<31>                             | IOB              | OUTPUT    | LVCMOS25             |       | 12       | SLOW |              |          | 0 / 0    |
| DB<0>                              | IOB              | BIDIR     | LVCMOS25             |       | 12       | SLOW |              |          | 0 / 0    |
| DB<1>                              | IOB              | BIDIR     | LVCMOS25             |       | 12       | SLOW |              |          | 0 / 0    |
| DB<2>                              | IOB              | BIDIR     | LVCMOS25             |       | 12       | SLOW |              |          | 0 / 0    |
| DB<3>                              | IOB              | BIDIR     | LVCMOS25             |       | 12       | SLOW |              |          | 0 / 0    |
| DB<4>                              | IOB              | BIDIR     | LVCMOS25             |       | 12       | SLOW |              |          | 0 / 0    |
| DB<5>                              | IOB              | BIDIR     | LVCMOS25             |       | 12       | SLOW |              |          | 0 / 0    |
| DB<6>                              | IOB              | BIDIR     | LVCMOS25             |       | 12       | SLOW |              |          | 0 / 0    |
| DB<7>                              | IOB              | BIDIR     | LVCMOS25             |       | 12       | SLOW |              |          | 0 / 0    |
| DB<8>                              | IOB              | BIDIR     | LVCMOS25             |       | 12       | SLOW |              |          | 0 / 0    |
| DB<9>                              | IOB              | BIDIR     | LVCMOS25             |       | 12       | SLOW |              |          | 0 / 0    |
| DB<10>                             | IOB              | BIDIR     | LVCMOS25             |       | 12       | SLOW |              |          | 0 / 0    |
| DB<11>                             | IOB              | BIDIR     | LVCMOS25             |       | 12       | SLOW |              |          | 0 / 0    |
| DB<12>                             | IOB              | BIDIR     | LVCMOS25             |       | 12       | SLOW |              |          | 0 / 0    |
| DB<13>                             | IOB              | BIDIR     | LVCMOS25             |       | 12       | SLOW |              |          | 0 / 0    |
| DB<14>                             | IOB              | BIDIR     | LVCMOS25             |       | 12       | SLOW |              |          | 0 / 0    |
| DB<15>                             | IOB              | BIDIR     | LVCMOS25             |       | 12       | SLOW |              |          | 0 / 0    |
| DB<16>                             | IOB              | BIDIR     | LVCMOS25             |       | 12       | SLOW |              |          | 0 / 0    |
| DB<17>                             | IOB              | BIDIR     | LVCMOS25             |       | 12       | SLOW |              |          | 0 / 0    |
| DB<18>                             | IOB              | BIDIR     | LVCMOS25             |       | 12       | SLOW |              |          | 0 / 0    |
| DB<19>                             | IOB              | BIDIR     | LVCMOS25             |       | 12       | SLOW |              |          | 0 / 0    |
| DB<20>                             | IOB              | BIDIR     | LVCMOS25             |       | 12       | SLOW |              |          | 0 / 0    |
| DB<21>                             | IOB              | BIDIR     | LVCMOS25             |       | 12       | SLOW |              |          | 0 / 0    |
| DB<22>                             | IOB              | BIDIR     | LVCMOS25             |       | 12       | SLOW |              |          | 0 / 0    |
| DB<23>                             | IOB              | BIDIR     | LVCMOS25             |       | 12       | SLOW |              |          | 0 / 0    |
| DB<24>                             | IOB              | BIDIR     | LVCMOS25             |       | 12       | SLOW |              |          | 0 / 0    |
| DB<25>                             | IOB              | BIDIR     | LVCMOS25             |       | 12       | SLOW |              |          | 0 / 0    |
| DB<26>                             | IOB              | BIDIR     | LVCMOS25             |       | 12       | SLOW |              |          | 0 / 0    |
| DB<27>                             | IOB              | BIDIR     | LVCMOS25             |       | 12       | SLOW |              |          | 0 / 0    |
| DB<28>                             | IOB              | BIDIR     | LVCMOS25             |       | 12       | SLOW |              |          | 0 / 0    |
| DB<29>                             | IOB              | BIDIR     | LVCMOS25             |       | 12       | SLOW |              |          | 0 / 0    |
| DB<30>                             | IOB              | BIDIR     | LVCMOS25             |       | 12       | SLOW |              |          | 0 / 0    |
| DB<31>                             | IOB              | BIDIR     | LVCMOS25             |       | 12       | SLOW |              |          | 0 / 0    |
| MemSel                             | IOB              | OUTPUT    | LVCMOS25             |       | 12       | SLOW |              |          | 0 / 0    |
| RE0                                | IOB              | OUTPUT    | LVCMOS25             |       | 12       | SLOW |              |          | 0 / 0    |
| RE1                                | IOB              | OUTPUT    | LVCMOS25             |       | 12       | SLOW |              |          | 0 / 0    |
| RE2                                | IOB              | OUTPUT    | LVCMOS25             |       | 12       | SLOW |              |          | 0 / 0    |
| RE3                                | IOB              | OUTPUT    | LVCMOS25             |       | 12       | SLOW |              |          | 0 / 0    |
| Reset                              | IBUF             | INPUT     | LVCMOS25             |       |          |      |              |          | 0 / 0    |
| WE0                                | IOB              | OUTPUT    | LVCMOS25             |       | 12       | SLOW |              |          | 0 / 0    |
| WE1                                | IOB              | OUTPUT    | LVCMOS25             |       | 12       | SLOW |              |          | 0 / 0    |
| WE2                                | IOB              | OUTPUT    | LVCMOS25             |       | 12       | SLOW |              |          | 0 / 0    |
| WE3                                | IOB              | OUTPUT    | LVCMOS25             |       | 12       | SLOW |              |          | 0 / 0    |
| clock                              | IBUF             | INPUT     | LVCMOS25             |       |          |      |              |          | 0 / 0    |
+---------------------------------------------------------------------------------------------------------------------------------------------------------+

Section 7 - RPMs
----------------

Section 8 - Guide Report
------------------------
Guide not run on this design.

Section 9 - Area Group and Partition Summary
--------------------------------------------

Partition Implementation Status
-------------------------------

  No Partitions were found in this design.

-------------------------------

Area Group Information
----------------------

  No area groups were found in this design.

----------------------

Section 10 - Timing Report
--------------------------
This design was not run using timing mode.

Section 11 - Configuration String Details
-----------------------------------------
Use the "-detail" map option to print out Configuration Strings

Section 12 - Control Set Information
------------------------------------
No control set information for this architecture.

Section 13 - Utilization by Hierarchy
-------------------------------------
Use the "-detail" map option to print out the Utilization by Hierarchy section.
